<?xml version="1.0" encoding="utf-8"?><testsuites name="pytest tests"><testsuite name="pytest" errors="0" failures="0" skipped="0" tests="20" time="2.274" timestamp="2026-08-20T07:03:00.390798+00:00" hostname="agent-env-8f1d2746-7341-49f5-9c8d-eb2aee3cb689"><testcase classname="tests.backend_test.TestProducts" name="test_get_products" time="0.356" /><testcase classname="tests.backend_test.TestOrders" name="test_small_order_has_shipping_100" time="0.431" /><testcase classname="tests.backend_test.TestProducts" name="test_product_prices_match_spec" time="0.069" /><testcase classname="tests.backend_test.TestProducts" name="test_pillar_variants" time="0.066" /><testcase classname="tests.backend_test.TestOrders" name="test_large_order_free_shipping" time="0.134" /><testcase classname="tests.backend_test.TestProducts" name="test_duet_individual_has_14_variants" time="0.066" /><testcase classname="tests.backend_test.TestAdmin" name="test_admin_data_wrong_key_401" time="0.067" /><testcase classname="tests.backend_test.TestOrders" name="test_threshold_exact_2000_free" time="0.104" /><testcase classname="tests.backend_test.TestAdmin" name="test_admin_data_no_key_401" time="0.105" /><testcase classname="tests.backend_test.TestOrders" name="test_variant_pricing_pillar" time="0.105" /><testcase classname="tests.backend_test.TestAdmin" name="test_admin_data_correct_key" time="0.074" /><testcase classname="tests.backend_test.TestOrders" name="test_unknown_product_400" time="0.062" /><testcase classname="tests.backend_test.TestAdmin" name="test_admin_verify" time="0.132" /><testcase classname="tests.backend_test.TestOrders" name="test_verify_without_razorpay_400" time="0.104" /><testcase classname="tests.backend_test.TestInquiries" name="test_create_valid" time="0.545" /><testcase classname="tests.backend_test.TestNewsletter" name="test_subscribe_and_duplicate" time="0.673" /><testcase classname="tests.backend_test.TestInquiries" name="test_invalid_email_422" time="0.065" /><testcase classname="tests.backend_test.TestInquiries" name="test_missing_required_422" time="0.065" /><testcase classname="tests.backend_test.TestNewsletter" name="test_invalid_email_422" time="0.065" /><testcase classname="tests.backend_test.TestConfig" name="test_config_payment_dormant" time="0.064" /></testsuite></testsuites>