<?xml version="1.0" encoding="utf-8"?><testsuites name="pytest tests"><testsuite name="pytest" errors="0" failures="0" skipped="0" tests="13" time="1.414" timestamp="2026-07-20T20:01:34.088599+00:00" hostname="agent-env-8f1d2746-7341-49f5-9c8d-eb2aee3cb689"><testcase classname="tests.backend_test.TestInquiries" name="test_create_valid_inquiry" time="0.315" /><testcase classname="tests.backend_test.TestOrders" name="test_create_order_duet_bloom_qty2_amount_3000" time="0.467" /><testcase classname="tests.backend_test.TestInquiries" name="test_invalid_email_422" time="0.042" /><testcase classname="tests.backend_test.TestInquiries" name="test_missing_required_422" time="0.041" /><testcase classname="tests.backend_test.TestInquiries" name="test_list_inquiries_newest_first" time="0.172" /><testcase classname="tests.backend_test.TestOrders" name="test_order_with_aroma_stone_rejected" time="0.060" /><testcase classname="tests.backend_test.TestOrders" name="test_order_unknown_product_rejected" time="0.064" /><testcase classname="tests.backend_test.TestProducts" name="test_get_products_returns_23_and_7_categories" time="0.045" /><testcase classname="tests.backend_test.TestOrders" name="test_order_with_variant_and_multi_line" time="0.061" /><testcase classname="tests.backend_test.TestProducts" name="test_duet_fragrance_pairs" time="0.050" /><testcase classname="tests.backend_test.TestNewsletter" name="test_subscribe_and_duplicate" time="0.122" /><testcase classname="tests.backend_test.TestConfig" name="test_config_payment_not_configured" time="0.050" /><testcase classname="tests.backend_test.TestNewsletter" name="test_invalid_email_422" time="0.061" /></testsuite></testsuites>